Mon Jul 09 2018 14:22:48 GMT+0530 (IST): GET /about
Mon Jul 09 2018 14:22:48 GMT+0530 (IST): GET /about
Mon Jul 09 2018 14:22:48 GMT+0530 (IST): GET /about
Mon Jul 09 2018 14:22:49 GMT+0530 (IST): GET /about
Mon Jul 09 2018 14:22:50 GMT+0530 (IST): GET /about
Mon Jul 09 2018 14:22:51 GMT+0530 (IST): GET /
Mon Jul 09 2018 14:22:51 GMT+0530 (IST): GET /about
Mon Jul 09 2018 14:22:51 GMT+0530 (IST): GET /
Mon Jul 09 2018 14:27:38 GMT+0530 (IST): GET /
Mon Jul 09 2018 14:27:55 GMT+0530 (IST): GET /
Mon Jul 09 2018 14:27:55 GMT+0530 (IST): GET /
Mon Jul 09 2018 14:27:56 GMT+0530 (IST): GET /
Mon Jul 09 2018 14:27:56 GMT+0530 (IST): GET /
Mon Jul 09 2018 14:28:44 GMT+0530 (IST): GET /
Mon Jul 09 2018 14:28:46 GMT+0530 (IST): GET /
Mon Jul 09 2018 14:28:46 GMT+0530 (IST): GET /
Mon Jul 09 2018 14:28:46 GMT+0530 (IST): GET /
Mon Jul 09 2018 14:28:46 GMT+0530 (IST): GET /
Mon Jul 09 2018 14:28:47 GMT+0530 (IST): GET /
Mon Jul 09 2018 14:29:24 GMT+0530 (IST): GET /
Mon Jul 09 2018 14:29:25 GMT+0530 (IST): GET /
Mon Jul 09 2018 14:29:25 GMT+0530 (IST): GET /
Mon Jul 09 2018 14:29:49 GMT+0530 (IST): GET /
Mon Jul 09 2018 14:29:50 GMT+0530 (IST): GET /
Mon Jul 09 2018 14:29:50 GMT+0530 (IST): GET /
Mon Jul 09 2018 14:29:51 GMT+0530 (IST): GET /
Mon Jul 09 2018 14:29:51 GMT+0530 (IST): GET /
Mon Jul 09 2018 14:29:51 GMT+0530 (IST): GET /
Mon Jul 09 2018 14:29:51 GMT+0530 (IST): GET /
Mon Jul 09 2018 14:29:51 GMT+0530 (IST): GET /
Mon Jul 09 2018 14:29:51 GMT+0530 (IST): GET /
Mon Jul 09 2018 14:29:51 GMT+0530 (IST): GET /
Mon Jul 09 2018 14:29:51 GMT+0530 (IST): GET /
Mon Jul 09 2018 14:29:51 GMT+0530 (IST): GET /
Mon Jul 09 2018 14:29:51 GMT+0530 (IST): GET /
Mon Jul 09 2018 14:29:51 GMT+0530 (IST): GET /
Mon Jul 09 2018 14:29:51 GMT+0530 (IST): GET /
Mon Jul 09 2018 14:29:51 GMT+0530 (IST): GET /
Mon Jul 09 2018 14:29:51 GMT+0530 (IST): GET /
Mon Jul 09 2018 14:29:51 GMT+0530 (IST): GET /
Mon Jul 09 2018 14:29:51 GMT+0530 (IST): GET /
Mon Jul 09 2018 14:29:51 GMT+0530 (IST): GET /
Mon Jul 09 2018 14:32:11 GMT+0530 (IST): GET /
Mon Jul 09 2018 14:32:39 GMT+0530 (IST): GET /help.html
Mon Jul 09 2018 14:33:00 GMT+0530 (IST): GET /help.html
Mon Jul 09 2018 14:33:04 GMT+0530 (IST): GET /
Mon Jul 09 2018 14:33:05 GMT+0530 (IST): GET /about
Mon Jul 09 2018 14:33:06 GMT+0530 (IST): GET /
Mon Jul 09 2018 14:33:07 GMT+0530 (IST): GET /
Mon Jul 09 2018 14:33:07 GMT+0530 (IST): GET /about
Mon Jul 09 2018 14:33:08 GMT+0530 (IST): GET /
Mon Jul 09 2018 14:33:08 GMT+0530 (IST): GET /about
Mon Jul 09 2018 19:19:42 GMT+0530 (IST): GET /
Mon Jul 09 2018 19:20:18 GMT+0530 (IST): GET /
Mon Jul 09 2018 19:20:19 GMT+0530 (IST): GET /hello
Mon Jul 09 2018 19:25:19 GMT+0530 (IST): GET /hello
Mon Jul 09 2018 19:25:19 GMT+0530 (IST): GET /favicon.ico
Mon Jul 09 2018 19:25:20 GMT+0530 (IST): GET /hello
Mon Jul 09 2018 19:25:20 GMT+0530 (IST): GET /hello
Mon Jul 09 2018 19:25:20 GMT+0530 (IST): GET /hello
Mon Jul 09 2018 19:25:20 GMT+0530 (IST): GET /hello
Mon Jul 09 2018 19:25:21 GMT+0530 (IST): GET /
Mon Jul 09 2018 19:25:23 GMT+0530 (IST): GET /
Mon Jul 09 2018 19:25:24 GMT+0530 (IST): GET /about
Mon Jul 09 2018 19:25:24 GMT+0530 (IST): GET /hello
Mon Jul 09 2018 19:25:27 GMT+0530 (IST): GET /
Mon Jul 09 2018 19:25:28 GMT+0530 (IST): GET /about
Mon Jul 09 2018 19:25:28 GMT+0530 (IST): GET /hello
Mon Jul 09 2018 19:25:29 GMT+0530 (IST): GET /
Mon Jul 09 2018 19:25:30 GMT+0530 (IST): GET /about
Mon Jul 09 2018 19:25:30 GMT+0530 (IST): GET /hello
Mon Jul 09 2018 19:26:18 GMT+0530 (IST): GET /hello
Mon Jul 09 2018 19:26:19 GMT+0530 (IST): GET /hello
Mon Jul 09 2018 19:26:19 GMT+0530 (IST): GET /hello
Mon Jul 09 2018 19:26:19 GMT+0530 (IST): GET /hello
Mon Jul 09 2018 19:26:19 GMT+0530 (IST): GET /hello
Mon Jul 09 2018 19:26:20 GMT+0530 (IST): GET /hello
Mon Jul 09 2018 19:26:20 GMT+0530 (IST): GET /
Mon Jul 09 2018 19:26:22 GMT+0530 (IST): GET /about
Mon Jul 09 2018 19:26:23 GMT+0530 (IST): GET /hello
